<?xml version="1.0" encoding="UTF-8"?>
<!-- Generated by org.testng.reporters.JUnitReportReporter -->
<testsuite hostname="PLRENT-8BFM4H2" failures="0" tests="2" name="com.axelerant.testcases.TestCase_AccountActivity" time="5.391" errors="0" timestamp="2021-12-01T23:39:56 IST" skipped="0">
  <testcase classname="com.axelerant.testcases.TestCase_AccountActivity" name="tc_verifyCheckingAccoutnActivityPage" time="3.557"/>
  <system-out>
    <![CDATA[Test Execution started for -> tc_verifyCheckingAccoutnActivityPage
Verify Checking account created through Rest API
Logging into viplav's account
Entering text viplav in  field
Entering text demo in  field
Navigating to URL - https://parabank.parasoft.com/parabank/activity.htm?id=32103
Verifying Checking account activity details
Account ID is correct : 32103
Account Type is correct : CHECKING
Account ID is correct : -100.00
Test Execution PASSED for -> tc_verifyCheckingAccoutnActivityPage]]>
  </system-out>
  <testcase classname="com.axelerant.testcases.TestCase_AccountActivity" name="tc_verifySavingAccoutnActivityPage" time="1.834"/>
  <system-out>
    <![CDATA[Test Execution started for -> tc_verifySavingAccoutnActivityPage
Verify Savings account created through Rest API
Navigating to URL - https://parabank.parasoft.com/parabank/activity.htm?id=32214
Verifying Savings account activity details
Account ID is correct : 32214
Account Type is correct : SAVINGS
Account ID is correct : 100.00
Test Execution PASSED for -> tc_verifySavingAccoutnActivityPage]]>
  </system-out>
</testsuite> <!-- com.axelerant.testcases.TestCase_AccountActivity -->
